{"C:\\demos\\math-random-nikunj\\index.js": {"path":"C:\\demos\\math-random-nikunj\\index.js","statementMap":{"0":{"start":{"line":2,"column":2},"end":{"line":4,"column":3}},"1":{"start":{"line":3,"column":4},"end":{"line":3,"column":12}},"2":{"start":{"line":3,"column":14},"end":{"line":3,"column":22}},"3":{"start":{"line":5,"column":1},"end":{"line":5,"column":42}},"4":{"start":{"line":7,"column":0},"end":{"line":7,"column":35}}},"fnMap":{"0":{"name":"randomNoGenerator","decl":{"start":{"line":1,"column":9},"end":{"line":1,"column":26}},"loc":{"start":{"line":1,"column":37},"end":{"line":6,"column":1}},"line":1}},"branchMap":{"0":{"loc":{"start":{"line":2,"column":2},"end":{"line":4,"column":3}},"type":"if","locations":[{"start":{"line":2,"column":2},"end":{"line":4,"column":3}},{"start":{"line":2,"column":2},"end":{"line":4,"column":3}}],"line":2},"1":{"loc":{"start":{"line":2,"column":5},"end":{"line":2,"column":57}},"type":"binary-expr","locations":[{"start":{"line":2,"column":5},"end":{"line":2,"column":29}},{"start":{"line":2,"column":33},"end":{"line":2,"column":57}}],"line":2}},"s":{"0":1,"1":0,"2":0,"3":1,"4":1},"f":{"0":1},"b":{"0":[0,1],"1":[1,0]},"_coverageSchema":"1a1c01bbd47fc00a2c39e90264f33305004495a9","hash":"3e5129c8def2d01b482cc5e7ffac1f0a697a48af"}
}
